2015-06-04 18:24:05,854 - [INFO] - from play in pool-4-thread-5 
Listening for HTTP on /0:0:0:0:0:0:0:0:9000

2015-06-04 18:24:14,402 - [INFO] - from play in play-internal-execution-context-1 
datasource [jdbc:h2:mem:play;DB_CLOSE_DELAY=-1] bound to JNDI as DefaultDS

2015-06-04 18:24:15,511 - [INFO] - from play in play-internal-execution-context-1 
database [default] connected at jdbc:h2:mem:play

2015-06-04 18:24:18,259 - [INFO] - from application in play-internal-execution-context-1 
inicializada...

2015-06-04 18:24:18,655 - [INFO] - from application in play-internal-execution-context-1 
Inserindo dados no BD.

2015-06-04 18:24:18,662 - [INFO] - from play in play-internal-execution-context-1 
Application started (Dev)

2015-06-04 18:24:58,276 - [ERROR] - from play in play-akka.actor.default-dispatcher-9 
Cannot invoke the action, eventually got an error: java.lang.NullPointerException

2015-06-04 18:24:58,451 - [ERROR] - from application in play-akka.actor.default-dispatcher-9 


! @6mc71fb3g - Internal server error, for (GET) [/index] ->

play.api.Application$$anon$1: Execution exception[[NullPointerException: null]]
	at play.api.Application$class.handleError(Application.scala:296) ~[play_2.11-2.3.9.jar:2.3.9]
	at play.api.DefaultApplication.handleError(Application.scala:402) [play_2.11-2.3.9.jar:2.3.9]
	at play.core.server.netty.PlayDefaultUpstreamHandler$$anonfun$3$$anonfun$applyOrElse$4.apply(PlayDefaultUpstreamHandler.scala:320) [play_2.11-2.3.9.jar:2.3.9]
	at play.core.server.netty.PlayDefaultUpstreamHandler$$anonfun$3$$anonfun$applyOrElse$4.apply(PlayDefaultUpstreamHandler.scala:320) [play_2.11-2.3.9.jar:2.3.9]
	at scala.Option.map(Option.scala:146) [scala-library-2.11.6.jar:na]
	at play.core.server.netty.PlayDefaultUpstreamHandler$$anonfun$3.applyOrElse(PlayDefaultUpstreamHandler.scala:320) [play_2.11-2.3.9.jar:2.3.9]
	at play.core.server.netty.PlayDefaultUpstreamHandler$$anonfun$3.applyOrElse(PlayDefaultUpstreamHandler.scala:316) [play_2.11-2.3.9.jar:2.3.9]
	at scala.concurrent.Future$$anonfun$recoverWith$1.apply(Future.scala:344) [scala-library-2.11.6.jar:na]
	at scala.concurrent.Future$$anonfun$recoverWith$1.apply(Future.scala:343) [scala-library-2.11.6.jar:na]
	at scala.concurrent.impl.CallbackRunnable.run(Promise.scala:32) [scala-library-2.11.6.jar:na]
	at play.api.libs.iteratee.Execution$trampoline$.execute(Execution.scala:46) [play-iteratees_2.11-2.3.9.jar:2.3.9]
	at scala.concurrent.impl.CallbackRunnable.executeWithValue(Promise.scala:40) [scala-library-2.11.6.jar:na]
	at scala.concurrent.impl.Promise$DefaultPromise.tryComplete(Promise.scala:248) [scala-library-2.11.6.jar:na]
	at scala.concurrent.Promise$class.complete(Promise.scala:55) [scala-library-2.11.6.jar:na]
	at scala.concurrent.impl.Promise$DefaultPromise.complete(Promise.scala:153) [scala-library-2.11.6.jar:na]
	at scala.concurrent.impl.Future$PromiseCompletingRunnable.run(Future.scala:23) [scala-library-2.11.6.jar:na]
	at akka.dispatch.TaskInvocation.run(AbstractDispatcher.scala:41) [akka-actor_2.11-2.3.4.jar:na]
	at akka.dispatch.ForkJoinExecutorConfigurator$AkkaForkJoinTask.exec(AbstractDispatcher.scala:393) [akka-actor_2.11-2.3.4.jar:na]
	at scala.concurrent.forkjoin.ForkJoinTask.doExec(ForkJoinTask.java:260) [scala-library-2.11.6.jar:na]
	at scala.concurrent.forkjoin.ForkJoinPool$WorkQueue.runTask(ForkJoinPool.java:1339) [scala-library-2.11.6.jar:na]
	at scala.concurrent.forkjoin.ForkJoinPool.runWorker(ForkJoinPool.java:1979) [scala-library-2.11.6.jar:na]
	at scala.concurrent.forkjoin.ForkJoinWorkerThread.run(ForkJoinWorkerThread.java:107) [scala-library-2.11.6.jar:na]
Caused by: java.lang.NullPointerException: null
	at views.html.index$.apply(index.template.scala:41) ~[classes/:na]
	at views.html.index$.render(index.template.scala:233) ~[classes/:na]
	at views.html.index.render(index.template.scala) ~[classes/:na]
	at controllers.Application.index(Application.java:17) ~[classes/:na]
	at Routes$$anonfun$routes$1$$anonfun$applyOrElse$1$$anonfun$apply$1.apply(routes_routing.scala:109) ~[classes/:na]
	at Routes$$anonfun$routes$1$$anonfun$applyOrElse$1$$anonfun$apply$1.apply(routes_routing.scala:109) ~[classes/:na]
	at play.core.Router$HandlerInvokerFactory$$anon$4.resultCall(Router.scala:264) ~[play_2.11-2.3.9.jar:2.3.9]
	at play.core.Router$HandlerInvokerFactory$JavaActionInvokerFactory$$anon$15$$anon$1.invocation(Router.scala:255) ~[play_2.11-2.3.9.jar:2.3.9]
	at play.core.j.JavaAction$$anon$1.call(JavaAction.scala:55) ~[play_2.11-2.3.9.jar:2.3.9]
	at play.GlobalSettings$1.call(GlobalSettings.java:67) ~[play_2.11-2.3.9.jar:2.3.9]
	at play.db.jpa.TransactionalAction$1.apply(TransactionalAction.java:23) ~[play-java-jpa_2.11-2.3.9.jar:2.3.9]
	at play.db.jpa.TransactionalAction$1.apply(TransactionalAction.java:21) ~[play-java-jpa_2.11-2.3.9.jar:2.3.9]
	at play.db.jpa.JPA.withTransactionAsync(JPA.java:180) ~[play-java-jpa_2.11-2.3.9.jar:2.3.9]
	at play.db.jpa.TransactionalAction.call(TransactionalAction.java:18) ~[play-java-jpa_2.11-2.3.9.jar:2.3.9]
	at play.core.j.JavaAction$$anonfun$11.apply(JavaAction.scala:82) ~[play_2.11-2.3.9.jar:2.3.9]
	at play.core.j.JavaAction$$anonfun$11.apply(JavaAction.scala:82) ~[play_2.11-2.3.9.jar:2.3.9]
	at scala.concurrent.impl.Future$PromiseCompletingRunnable.liftedTree1$1(Future.scala:24) [scala-library-2.11.6.jar:na]
	at scala.concurrent.impl.Future$PromiseCompletingRunnable.run(Future.scala:24) [scala-library-2.11.6.jar:na]
	at play.core.j.HttpExecutionContext$$anon$2.run(HttpExecutionContext.scala:40) ~[play_2.11-2.3.9.jar:2.3.9]
	at play.api.libs.iteratee.Execution$trampoline$.execute(Execution.scala:46) [play-iteratees_2.11-2.3.9.jar:2.3.9]
	at play.core.j.HttpExecutionContext.execute(HttpExecutionContext.scala:32) ~[play_2.11-2.3.9.jar:2.3.9]
	at scala.concurrent.impl.Future$.apply(Future.scala:31) ~[scala-library-2.11.6.jar:na]
	at scala.concurrent.Future$.apply(Future.scala:492) ~[scala-library-2.11.6.jar:na]
	at play.core.j.JavaAction$class.apply(JavaAction.scala:82) ~[play_2.11-2.3.9.jar:2.3.9]
	at play.core.Router$HandlerInvokerFactory$JavaActionInvokerFactory$$anon$15$$anon$1.apply(Router.scala:252) ~[play_2.11-2.3.9.jar:2.3.9]
	at play.api.mvc.Action$$anonfun$apply$1$$anonfun$apply$4$$anonfun$apply$5.apply(Action.scala:130) ~[play_2.11-2.3.9.jar:2.3.9]
	at play.api.mvc.Action$$anonfun$apply$1$$anonfun$apply$4$$anonfun$apply$5.apply(Action.scala:130) ~[play_2.11-2.3.9.jar:2.3.9]
	at play.utils.Threads$.withContextClassLoader(Threads.scala:21) ~[play_2.11-2.3.9.jar:2.3.9]
	at play.api.mvc.Action$$anonfun$apply$1$$anonfun$apply$4.apply(Action.scala:129) ~[play_2.11-2.3.9.jar:2.3.9]
	at play.api.mvc.Action$$anonfun$apply$1$$anonfun$apply$4.apply(Action.scala:128) ~[play_2.11-2.3.9.jar:2.3.9]
	at scala.Option.map(Option.scala:146) [scala-library-2.11.6.jar:na]
	at play.api.mvc.Action$$anonfun$apply$1.apply(Action.scala:128) ~[play_2.11-2.3.9.jar:2.3.9]
	at play.api.mvc.Action$$anonfun$apply$1.apply(Action.scala:121) ~[play_2.11-2.3.9.jar:2.3.9]
	at play.api.libs.iteratee.Iteratee$$anonfun$mapM$1.apply(Iteratee.scala:483) ~[play-iteratees_2.11-2.3.9.jar:2.3.9]
	at play.api.libs.iteratee.Iteratee$$anonfun$mapM$1.apply(Iteratee.scala:483) ~[play-iteratees_2.11-2.3.9.jar:2.3.9]
	at play.api.libs.iteratee.Iteratee$$anonfun$flatMapM$1.apply(Iteratee.scala:519) ~[play-iteratees_2.11-2.3.9.jar:2.3.9]
	at play.api.libs.iteratee.Iteratee$$anonfun$flatMapM$1.apply(Iteratee.scala:519) ~[play-iteratees_2.11-2.3.9.jar:2.3.9]
	at play.api.libs.iteratee.Iteratee$$anonfun$flatMap$1$$anonfun$apply$14.apply(Iteratee.scala:496) ~[play-iteratees_2.11-2.3.9.jar:2.3.9]
	at play.api.libs.iteratee.Iteratee$$anonfun$flatMap$1$$anonfun$apply$14.apply(Iteratee.scala:496) ~[play-iteratees_2.11-2.3.9.jar:2.3.9]
	at scala.concurrent.impl.Future$PromiseCompletingRunnable.liftedTree1$1(Future.scala:24) [scala-library-2.11.6.jar:na]
	at scala.concurrent.impl.Future$PromiseCompletingRunnable.run(Future.scala:24) [scala-library-2.11.6.jar:na]
	... 6 common frames omitted

2015-06-04 18:30:46,804 - [INFO] - from application in pool-4-thread-5 
desligada...

